<?xml version="1.0" encoding="UTF-8"?>
<testng-results ignored="0" total="1" passed="1" failed="0" skipped="0">
  <reporter-output>
  </reporter-output>
  <suite started-at="2024-04-11T14:35:10 IST" name="Default suite" finished-at="2024-04-11T14:36:14 IST" duration-ms="63851">
    <groups>
    </groups>
    <test started-at="2024-04-11T14:35:10 IST" name="Default test" finished-at="2024-04-11T14:36:14 IST" duration-ms="63851">
      <class name="Project1.MainPage">
        <test-method signature="mainExecutionMethod()[pri:0, instance:Project1.MainPage@75d3a5e0]" started-at="2024-04-11T14:35:10 IST" name="mainExecutionMethod" finished-at="2024-04-11T14:36:14 IST" duration-ms="63800" status="PASS">
          <reporter-output>
          </reporter-output>
        </test-method> <!-- mainExecutionMethod -->
      </class> <!-- Project1.MainPage -->
    </test> <!-- Default test -->
  </suite> <!-- Default suite -->
</testng-results>
